<?xml version="1.0" encoding="UTF-8"?>
<!-- Generated by org.testng.reporters.JUnitReportReporter -->
<testsuite hostname="Otik-PC" name="com.Test.TestD" tests="2" failures="0" timestamp="28 May 2016 03:30:32 GMT" time="0.017" errors="0">
  <testcase name="Test1" time="0.015" classname="com.Test.TestD"/>
  <testcase name="Test2" time="0.002" classname="com.Test.TestD"/>
</testsuite> <!-- com.Test.TestD -->
