<?xml version="1.0" encoding="UTF-8"?>
<!-- Generated by org.testng.reporters.JUnitReportReporter -->
<testsuite hostname="Otik-PC" name="com.Test.TestB" tests="2" failures="0" timestamp="28 May 2016 01:46:03 GMT" time="0.015" errors="0">
  <testcase name="test1" time="0.015" classname="com.Test.TestB"/>
  <testcase name="test2" time="0.000" classname="com.Test.TestB"/>
</testsuite> <!-- com.Test.TestB -->
